================================================================================
  JSONL STATISTICS REPORT
================================================================================

GLOBAL OVERVIEW
----------------------------------------
  Total items          :     94,520
  Unique tags          :          8
  Tags                 : BERGDUC, BREMOD, CRES, LOCC, LORUNIF, MILCLASS, NOL, SL

  Avg  text length (words) :     12.6
  Med  text length (words) :      3.0
  Std  text length (words) :     23.4
  Avg  text length (chars) :     69.4
  Med  text length (chars) :     18.0
  Std  text length (chars) :    126.0

  Avg  confidence          :   0.3374
  Med  confidence          :   0.3122
  Std  confidence          :   0.1105
  Min  confidence          :   0.1471
  Max  confidence          :   0.9757

TAG DISTRIBUTION
----------------------------------------
  MILCLASS          57,671  ( 61.0%)  ██████████████████████████████
  LOCC              18,890  ( 20.0%)  ██████████░░░░░░░░░░░░░░░░░░░░
  NOL                9,460  ( 10.0%)  █████░░░░░░░░░░░░░░░░░░░░░░░░░
  LORUNIF            4,978  (  5.3%)  ███░░░░░░░░░░░░░░░░░░░░░░░░░░░
  SL                 2,003  (  2.1%)  █░░░░░░░░░░░░░░░░░░░░░░░░░░░░░
  BERGDUC              722  (  0.8%)  ░░░░░░░░░░░░░░░░░░░░░░░░░░░░░░
  BREMOD               490  (  0.5%)  ░░░░░░░░░░░░░░░░░░░░░░░░░░░░░░
  CRES                 306  (  0.3%)  ░░░░░░░░░░░░░░░░░░░░░░░░░░░░░░

TOP WORDS (GLOBAL)
----------------------------------------
  de                          78,125  ████████████████████
  la                          45,317  ████████████░░░░░░░░
  a                           35,567  █████████░░░░░░░░░░░
  del                         32,388  ████████░░░░░░░░░░░░
  e                           29,001  ███████░░░░░░░░░░░░░
  l'è                         26,291  ███████░░░░░░░░░░░░░
  in                          25,069  ██████░░░░░░░░░░░░░░
  el                          20,744  █████░░░░░░░░░░░░░░░
  che                         18,094  █████░░░░░░░░░░░░░░░
  di                          14,238  ████░░░░░░░░░░░░░░░░
  i                           13,039  ███░░░░░░░░░░░░░░░░░
  un                          11,982  ███░░░░░░░░░░░░░░░░░
  El                           9,719  ██░░░░░░░░░░░░░░░░░░
  per                          7,973  ██░░░░░░░░░░░░░░░░░░
  al                           7,748  ██░░░░░░░░░░░░░░░░░░
  La                           6,864  ██░░░░░░░░░░░░░░░░░░
  una                          6,842  ██░░░░░░░░░░░░░░░░░░
  'l                           5,712  █░░░░░░░░░░░░░░░░░░░
  se                           5,044  █░░░░░░░░░░░░░░░░░░░
  'n                           4,441  █░░░░░░░░░░░░░░░░░░░

TOP CHARACTERS (GLOBAL)
----------------------------------------
  ' '         1,097,472  ████████████████████
  a             634,715  ████████████░░░░░░░░
  e             554,333  ██████████░░░░░░░░░░
  i             381,142  ███████░░░░░░░░░░░░░
  n             372,767  ███████░░░░░░░░░░░░░
  l             348,108  ██████░░░░░░░░░░░░░░
  r             292,289  █████░░░░░░░░░░░░░░░
  d             285,168  █████░░░░░░░░░░░░░░░
  o             258,174  █████░░░░░░░░░░░░░░░
  s             249,219  █████░░░░░░░░░░░░░░░
  t             242,627  ████░░░░░░░░░░░░░░░░
  c             171,073  ███░░░░░░░░░░░░░░░░░
  u             148,853  ███░░░░░░░░░░░░░░░░░
  m             122,758  ██░░░░░░░░░░░░░░░░░░
  p             104,245  ██░░░░░░░░░░░░░░░░░░
  g              99,898  ██░░░░░░░░░░░░░░░░░░
  '              78,595  █░░░░░░░░░░░░░░░░░░░
  h              77,949  █░░░░░░░░░░░░░░░░░░░
  v              77,153  █░░░░░░░░░░░░░░░░░░░
  ,              66,246  █░░░░░░░░░░░░░░░░░░░

================================================================================
  TAG: MILCLASS   (57,671 items, 61.0%)
================================================================================

  Text length (words)
    avg / median / std  : 7.1 / 2.0 / 15.0
    min / max           : 1 / 311

  Text length (chars)
    avg / median / std  : 40.3 / 15.0 / 80.5
    min / max           : 1 / 2121

  Confidence
    avg / median / std  : 0.3409 / 0.3215 / 0.1020
    min / max           : 0.1583 / 0.8889

  Top words
    de                          29,152  ███████████████
    la                          16,627  █████████░░░░░░
    a                           13,067  ███████░░░░░░░░
    del                         10,940  ██████░░░░░░░░░
    l'è                         10,202  █████░░░░░░░░░░
    e                            8,454  ████░░░░░░░░░░░
    in                           8,387  ████░░░░░░░░░░░
    che                          5,675  ███░░░░░░░░░░░░
    el                           5,609  ███░░░░░░░░░░░░
    di                           5,401  ███░░░░░░░░░░░░
    La                           3,800  ██░░░░░░░░░░░░░
    El                           3,314  ██░░░░░░░░░░░░░
    i                            2,638  █░░░░░░░░░░░░░░
    un                           2,432  █░░░░░░░░░░░░░░
    per                          2,365  █░░░░░░░░░░░░░░
    'n                           2,203  █░░░░░░░░░░░░░░
    una                          2,108  █░░░░░░░░░░░░░░
    Strada                       2,064  █░░░░░░░░░░░░░░
    'l                           1,943  █░░░░░░░░░░░░░░
    al                           1,766  █░░░░░░░░░░░░░░

  Top characters
    ' '           353,161  ███████████████
    a             238,087  ██████████░░░░░
    e             195,764  ████████░░░░░░░
    i             135,219  ██████░░░░░░░░░
    n             131,938  ██████░░░░░░░░░
    l             127,211  █████░░░░░░░░░░
    o             116,425  █████░░░░░░░░░░
    r             107,954  █████░░░░░░░░░░
    d              96,016  ████░░░░░░░░░░░
    s              85,710  ████░░░░░░░░░░░
    t              85,661  ████░░░░░░░░░░░
    c              56,732  ██░░░░░░░░░░░░░
    u              43,497  ██░░░░░░░░░░░░░
    m              39,801  ██░░░░░░░░░░░░░
    g              35,363  ██░░░░░░░░░░░░░
    p              32,679  █░░░░░░░░░░░░░░
    v              31,366  █░░░░░░░░░░░░░░
    '              26,843  █░░░░░░░░░░░░░░
    h              25,420  █░░░░░░░░░░░░░░
    z              22,211  █░░░░░░░░░░░░░░

================================================================================
  TAG: LOCC   (18,890 items, 20.0%)
================================================================================

  Text length (words)
    avg / median / std  : 11.7 / 3.0 / 17.7
    min / max           : 1 / 264

  Text length (chars)
    avg / median / std  : 64.4 / 19.0 / 96.3
    min / max           : 1 / 1347

  Confidence
    avg / median / std  : 0.3395 / 0.2932 / 0.1351
    min / max           : 0.1471 / 0.9757

  Top words
    de                          12,954  ███████████████
    la                           7,621  █████████░░░░░░
    a                            6,477  ████████░░░░░░░
    l'è                          5,668  ███████░░░░░░░░
    in                           5,156  ██████░░░░░░░░░
    del                          4,911  ██████░░░░░░░░░
    e                            4,426  █████░░░░░░░░░░
    un                           4,216  █████░░░░░░░░░░
    da                           3,104  ████░░░░░░░░░░░
    el                           2,553  ███░░░░░░░░░░░░
    al                           2,546  ███░░░░░░░░░░░░
    i                            2,400  ███░░░░░░░░░░░░
    che                          1,897  ██░░░░░░░░░░░░░
    distret                      1,851  ██░░░░░░░░░░░░░
    El                           1,712  ██░░░░░░░░░░░░░
    una                          1,626  ██░░░░░░░░░░░░░
    comun                        1,579  ██░░░░░░░░░░░░░
    di                           1,562  ██░░░░░░░░░░░░░
    region                       1,356  ██░░░░░░░░░░░░░
    dal                          1,202  █░░░░░░░░░░░░░░

  Top characters
    ' '           202,714  ███████████████
    a             118,370  █████████░░░░░░
    e              87,245  ██████░░░░░░░░░
    n              72,973  █████░░░░░░░░░░
    i              72,107  █████░░░░░░░░░░
    l              62,621  █████░░░░░░░░░░
    r              52,002  ████░░░░░░░░░░░
    d              48,700  ████░░░░░░░░░░░
    t              47,054  ███░░░░░░░░░░░░
    s              45,545  ███░░░░░░░░░░░░
    u              45,195  ███░░░░░░░░░░░░
    c              32,944  ██░░░░░░░░░░░░░
    m              24,853  ██░░░░░░░░░░░░░
    o              24,414  ██░░░░░░░░░░░░░
    p              17,645  █░░░░░░░░░░░░░░
    g              17,352  █░░░░░░░░░░░░░░
    '              15,384  █░░░░░░░░░░░░░░
    h              12,951  █░░░░░░░░░░░░░░
    ,              12,799  █░░░░░░░░░░░░░░
    v              12,272  █░░░░░░░░░░░░░░

================================================================================
  TAG: NOL   (9,460 items, 10.0%)
================================================================================

  Text length (words)
    avg / median / std  : 45.4 / 36.0 / 41.1
    min / max           : 1 / 480

  Text length (chars)
    avg / median / std  : 244.9 / 192.0 / 224.3
    min / max           : 1 / 2559

  Confidence
    avg / median / std  : 0.3392 / 0.3280 / 0.0923
    min / max           : 0.1563 / 0.8038

  Top words
    de                          26,452  ███████████████
    la                          16,648  █████████░░░░░░
    a                           13,280  ████████░░░░░░░
    del                         12,760  ███████░░░░░░░░
    e                           12,584  ███████░░░░░░░░
    el                          11,439  ██████░░░░░░░░░
    in                          10,444  ██████░░░░░░░░░
    che                          9,102  █████░░░░░░░░░░
    l'è                          8,161  █████░░░░░░░░░░
    di                           6,671  ████░░░░░░░░░░░
    i                            5,778  ███░░░░░░░░░░░░
    un                           4,957  ███░░░░░░░░░░░░
    per                          4,318  ██░░░░░░░░░░░░░
    El                           3,245  ██░░░░░░░░░░░░░
    una                          2,935  ██░░░░░░░░░░░░░
    al                           2,733  ██░░░░░░░░░░░░░
    stad                         2,665  ██░░░░░░░░░░░░░
    'l                           2,116  █░░░░░░░░░░░░░░
    se                           2,063  █░░░░░░░░░░░░░░
    cont                         1,887  █░░░░░░░░░░░░░░

  Top characters
    ' '           419,703  ███████████████
    a             218,647  ████████░░░░░░░
    e             215,033  ████████░░░░░░░
    i             138,309  █████░░░░░░░░░░
    n             133,370  █████░░░░░░░░░░
    l             120,752  ████░░░░░░░░░░░
    d             110,469  ████░░░░░░░░░░░
    r              99,546  ████░░░░░░░░░░░
    o              98,867  ████░░░░░░░░░░░
    s              92,074  ███░░░░░░░░░░░░
    t              83,201  ███░░░░░░░░░░░░
    c              60,111  ██░░░░░░░░░░░░░
    u              50,198  ██░░░░░░░░░░░░░
    p              42,889  ██░░░░░░░░░░░░░
    m              42,417  ██░░░░░░░░░░░░░
    g              38,098  █░░░░░░░░░░░░░░
    h              31,911  █░░░░░░░░░░░░░░
    v              29,148  █░░░░░░░░░░░░░░
    ,              27,498  █░░░░░░░░░░░░░░
    z              26,381  █░░░░░░░░░░░░░░

================================================================================
  TAG: LORUNIF   (4,978 items, 5.3%)
================================================================================

  Text length (words)
    avg / median / std  : 15.9 / 4.0 / 22.0
    min / max           : 1 / 281

  Text length (chars)
    avg / median / std  : 86.1 / 24.0 / 114.8
    min / max           : 2 / 1347

  Confidence
    avg / median / std  : 0.3242 / 0.2820 / 0.1268
    min / max           : 0.1507 / 0.7113

  Top words
    de                           6,616  ███████████████
    del                          2,777  ██████░░░░░░░░░
    la                           2,482  ██████░░░░░░░░░
    e                            2,203  █████░░░░░░░░░░
    l'è                          1,537  ███░░░░░░░░░░░░
    a                            1,390  ███░░░░░░░░░░░░
    El                           1,194  ███░░░░░░░░░░░░
    i                            1,132  ███░░░░░░░░░░░░
    'na                          1,083  ██░░░░░░░░░░░░░
    che                            932  ██░░░░░░░░░░░░░
    'n                             866  ██░░░░░░░░░░░░░
    cümü                           850  ██░░░░░░░░░░░░░
    'l                             805  ██░░░░░░░░░░░░░
    el                             650  █░░░░░░░░░░░░░░
    g'ha                           564  █░░░░░░░░░░░░░░
    sò                             549  █░░░░░░░░░░░░░░
    in                             538  █░░░░░░░░░░░░░░
    méter                          503  █░░░░░░░░░░░░░░
    altèsa                         439  █░░░░░░░░░░░░░░
    dei                            416  █░░░░░░░░░░░░░░

  Top characters
    ' '            73,866  ███████████████
    e              34,818  ███████░░░░░░░░
    a              33,722  ███████░░░░░░░░
    l              22,838  █████░░░░░░░░░░
    n              21,146  ████░░░░░░░░░░░
    i              20,315  ████░░░░░░░░░░░
    r              19,811  ████░░░░░░░░░░░
    d              18,627  ████░░░░░░░░░░░
    t              16,417  ███░░░░░░░░░░░░
    s              15,014  ███░░░░░░░░░░░░
    c              14,306  ███░░░░░░░░░░░░
    m              10,071  ██░░░░░░░░░░░░░
    o               9,390  ██░░░░░░░░░░░░░
    à               7,754  ██░░░░░░░░░░░░░
    è               7,612  ██░░░░░░░░░░░░░
    '               7,236  █░░░░░░░░░░░░░░
    p               6,510  █░░░░░░░░░░░░░░
    u               5,421  █░░░░░░░░░░░░░░
    g               5,390  █░░░░░░░░░░░░░░
    h               5,250  █░░░░░░░░░░░░░░

================================================================================
  TAG: SL   (2,003 items, 2.1%)
================================================================================

  Text length (words)
    avg / median / std  : 13.8 / 3.0 / 24.6
    min / max           : 1 / 234

  Text length (chars)
    avg / median / std  : 77.6 / 20.0 / 137.1
    min / max           : 2 / 1654

  Confidence
    avg / median / std  : 0.2865 / 0.2489 / 0.1159
    min / max           : 0.1510 / 0.9043

  Top words
    de                           1,556  ███████████████
    la                             974  █████████░░░░░░
    e                              627  ██████░░░░░░░░░
    del                            620  ██████░░░░░░░░░
    a                              616  ██████░░░░░░░░░
    i                              581  ██████░░░░░░░░░
    el                             473  █████░░░░░░░░░░
    l'è                            405  ████░░░░░░░░░░░
    un                             343  ███░░░░░░░░░░░░
    ol                             319  ███░░░░░░░░░░░░
    ind                            319  ███░░░░░░░░░░░░
    in                             299  ███░░░░░░░░░░░░
    dei                            231  ██░░░░░░░░░░░░░
    al                             230  ██░░░░░░░░░░░░░
    El                             185  ██░░░░░░░░░░░░░
    per                            182  ██░░░░░░░░░░░░░
    una                            162  ██░░░░░░░░░░░░░
    nad                            154  █░░░░░░░░░░░░░░
    La                             129  █░░░░░░░░░░░░░░
    l’è                            129  █░░░░░░░░░░░░░░

  Top characters
    ' '            25,734  ███████████████
    a              15,520  █████████░░░░░░
    e              13,722  ████████░░░░░░░
    i               9,105  █████░░░░░░░░░░
    n               8,440  █████░░░░░░░░░░
    l               8,039  █████░░░░░░░░░░
    r               7,619  ████░░░░░░░░░░░
    d               7,040  ████░░░░░░░░░░░
    o               6,430  ████░░░░░░░░░░░
    s               5,877  ███░░░░░░░░░░░░
    t               5,814  ███░░░░░░░░░░░░
    c               3,387  ██░░░░░░░░░░░░░
    u               3,092  ██░░░░░░░░░░░░░
    m               2,737  ██░░░░░░░░░░░░░
    p               2,572  █░░░░░░░░░░░░░░
    g               2,228  █░░░░░░░░░░░░░░
    v               1,814  █░░░░░░░░░░░░░░
    ,               1,719  █░░░░░░░░░░░░░░
    .               1,189  █░░░░░░░░░░░░░░
    b               1,183  █░░░░░░░░░░░░░░

================================================================================
  TAG: BERGDUC   (722 items, 0.8%)
================================================================================

  Text length (words)
    avg / median / std  : 24.5 / 14.5 / 34.6
    min / max           : 1 / 304

  Text length (chars)
    avg / median / std  : 117.2 / 69.0 / 171.1
    min / max           : 1 / 1547

  Confidence
    avg / median / std  : 0.2853 / 0.2694 / 0.0811
    min / max           : 0.1578 / 0.6088

  Top words
    de                           1,088  ███████████████
    la                             792  ███████████░░░░
    a                              633  █████████░░░░░░
    e                              572  ████████░░░░░░░
    i                              430  ██████░░░░░░░░░
    l'                             388  █████░░░░░░░░░░
    che                            338  █████░░░░░░░░░░
    del                            305  ████░░░░░░░░░░░
    l'è                            238  ███░░░░░░░░░░░░
    se                             222  ███░░░░░░░░░░░░
    ol                             216  ███░░░░░░░░░░░░
    in                             214  ███░░░░░░░░░░░░
    ü                              193  ███░░░░░░░░░░░░
    è                              173  ██░░░░░░░░░░░░░
    tróa                           149  ██░░░░░░░░░░░░░
    Ol                             147  ██░░░░░░░░░░░░░
    söl                            140  ██░░░░░░░░░░░░░
    sità                           129  ██░░░░░░░░░░░░░
    'n                             128  ██░░░░░░░░░░░░░
    di                             127  ██░░░░░░░░░░░░░

  Top characters
    ' '            16,958  ███████████████
    a               7,025  ██████░░░░░░░░░
    e               5,592  █████░░░░░░░░░░
    l               4,969  ████░░░░░░░░░░░
    i               4,311  ████░░░░░░░░░░░
    s               3,857  ███░░░░░░░░░░░░
    r               3,639  ███░░░░░░░░░░░░
    n               3,196  ███░░░░░░░░░░░░
    d               3,042  ███░░░░░░░░░░░░
    t               2,942  ███░░░░░░░░░░░░
    c               2,602  ██░░░░░░░░░░░░░
    m               2,133  ██░░░░░░░░░░░░░
    o               1,866  ██░░░░░░░░░░░░░
    è               1,765  ██░░░░░░░░░░░░░
    p               1,486  █░░░░░░░░░░░░░░
    '               1,419  █░░░░░░░░░░░░░░
    à               1,410  █░░░░░░░░░░░░░░
    h               1,182  █░░░░░░░░░░░░░░
    g               1,084  █░░░░░░░░░░░░░░
    é                 898  █░░░░░░░░░░░░░░

================================================================================
  TAG: BREMOD   (490 items, 0.5%)
================================================================================

  Text length (words)
    avg / median / std  : 6.2 / 2.0 / 10.9
    min / max           : 1 / 82

  Text length (chars)
    avg / median / std  : 35.0 / 15.0 / 58.8
    min / max           : 2 / 443

  Confidence
    avg / median / std  : 0.2775 / 0.2626 / 0.0850
    min / max           : 0.1507 / 0.7848

  Top words
    de                             279  ███████████████
    del                             71  ████░░░░░░░░░░░
    la                              67  ████░░░░░░░░░░░
    l'è                             67  ████░░░░░░░░░░░
    e                               61  ███░░░░░░░░░░░░
    Pruvincia                       57  ███░░░░░░░░░░░░
    a                               53  ███░░░░░░░░░░░░
    cümü                            39  ██░░░░░░░░░░░░░
    El                              27  █░░░░░░░░░░░░░░
    in                              26  █░░░░░░░░░░░░░░
    nömer                           26  █░░░░░░░░░░░░░░
    ché                             26  █░░░░░░░░░░░░░░
    per                             25  █░░░░░░░░░░░░░░
    abitàncc                        24  █░░░░░░░░░░░░░░
    dei                             20  █░░░░░░░░░░░░░░
    L'andament                      19  █░░░░░░░░░░░░░░
    mostràt                         19  █░░░░░░░░░░░░░░
    i                               18  █░░░░░░░░░░░░░░
    che                             17  █░░░░░░░░░░░░░░
    tabela                          17  █░░░░░░░░░░░░░░

  Top characters
    ' '             2,525  ███████████████
    a               1,389  ████████░░░░░░░
    e               1,353  ████████░░░░░░░
    i               1,020  ██████░░░░░░░░░
    n                 953  ██████░░░░░░░░░
    t                 897  █████░░░░░░░░░░
    r                 870  █████░░░░░░░░░░
    l                 817  █████░░░░░░░░░░
    d                 658  ████░░░░░░░░░░░
    s                 534  ███░░░░░░░░░░░░
    c                 523  ███░░░░░░░░░░░░
    o                 508  ███░░░░░░░░░░░░
    m                 392  ██░░░░░░░░░░░░░
    à                 306  ██░░░░░░░░░░░░░
    u                 299  ██░░░░░░░░░░░░░
    è                 248  █░░░░░░░░░░░░░░
    ,                 205  █░░░░░░░░░░░░░░
    b                 194  █░░░░░░░░░░░░░░
    '                 184  █░░░░░░░░░░░░░░
    v                 173  █░░░░░░░░░░░░░░

================================================================================
  TAG: CRES   (306 items, 0.3%)
================================================================================

  Text length (words)
    avg / median / std  : 10.2 / 3.0 / 20.6
    min / max           : 1 / 154

  Text length (chars)
    avg / median / std  : 53.4 / 15.0 / 108.9
    min / max           : 2 / 852

  Confidence
    avg / median / std  : 0.2726 / 0.2516 / 0.0873
    min / max           : 0.1540 / 0.7163

  Top words
    da                             214  ███████████████
    la                             106  ███████░░░░░░░░
    dal                             94  ███████░░░░░░░░
    'l                              88  ██████░░░░░░░░░
    e                               74  █████░░░░░░░░░░
    i                               62  ████░░░░░░░░░░░
    an                              54  ████░░░░░░░░░░░
    al                              52  ████░░░░░░░░░░░
    a                               51  ████░░░░░░░░░░░
    'n                              46  ███░░░░░░░░░░░░
    che                             35  ██░░░░░░░░░░░░░
    è                               31  ██░░░░░░░░░░░░░
    de                              28  ██░░░░░░░░░░░░░
    San                             27  ██░░░░░░░░░░░░░
    Al                              23  ██░░░░░░░░░░░░░
    sò                              19  █░░░░░░░░░░░░░░
    le                              17  █░░░░░░░░░░░░░░
    dai                             16  █░░░░░░░░░░░░░░
    per                             16  █░░░░░░░░░░░░░░
    püsé                            14  █░░░░░░░░░░░░░░

  Top characters
    ' '             2,811  ███████████████
    a               1,955  ██████████░░░░░
    l                 861  █████░░░░░░░░░░
    r                 848  █████░░░░░░░░░░
    e                 806  ████░░░░░░░░░░░
    i                 756  ████░░░░░░░░░░░
    n                 751  ████░░░░░░░░░░░
    t                 641  ███░░░░░░░░░░░░
    d                 616  ███░░░░░░░░░░░░
    s                 608  ███░░░░░░░░░░░░
    c                 468  ██░░░░░░░░░░░░░
    à                 373  ██░░░░░░░░░░░░░
    m                 354  ██░░░░░░░░░░░░░
    u                 316  ██░░░░░░░░░░░░░
    p                 299  ██░░░░░░░░░░░░░
    o                 274  █░░░░░░░░░░░░░░
    '                 266  █░░░░░░░░░░░░░░
    è                 228  █░░░░░░░░░░░░░░
    g                 223  █░░░░░░░░░░░░░░
    é                 217  █░░░░░░░░░░░░░░

================================================================================
  END OF REPORT
================================================================================
